<?xml version="1.0" encoding="UTF-8"?>
<testng-results total="16" passed="15" failed="1" skipped="0">
  <reporter-output>
  </reporter-output>
  <suite started-at="2019-07-02T05:31:25Z" name="Suite" finished-at="2019-07-02T05:47:29Z" duration-ms="963247">
    <groups>
    </groups>
    <test started-at="2019-07-02T05:31:25Z" name="Test" finished-at="2019-07-02T05:47:29Z" duration-ms="963247">
      <class name="com.trigent.test.TotalOutstandingandBalanceAmount">
        <test-method is-config="true" signature="login()[pri:0, instance:com.trigent.test.TotalOutstandingandBalanceAmount@768ccdc5]" started-at="2019-07-02T11:15:38Z" name="login" finished-at="2019-07-02T11:15:58Z" duration-ms="19582" status="PASS">
          <reporter-output>
          </reporter-output>
        </test-method> <!-- login -->
        <test-method signature="InvoiceAndPaymentsDetails()[pri:0, instance:com.trigent.test.TotalOutstandingandBalanceAmount@768ccdc5]" started-at="2019-07-02T11:15:58Z" name="InvoiceAndPaymentsDetails" finished-at="2019-07-02T11:16:23Z" duration-ms="25715" status="PASS">
          <reporter-output>
          </reporter-output>
        </test-method> <!-- InvoiceAndPaymentsDetails -->
        <test-method is-config="true" signature="tearDownAfterMethod()[pri:0, instance:com.trigent.test.TotalOutstandingandBalanceAmount@768ccdc5]" started-at="2019-07-02T11:16:23Z" name="tearDownAfterMethod" finished-at="2019-07-02T11:16:24Z" duration-ms="901" status="PASS">
          <reporter-output>
          </reporter-output>
        </test-method> <!-- tearDownAfterMethod -->
      </class> <!-- com.trigent.test.TotalOutstandingandBalanceAmount -->
      <class name="com.trigent.test.VerifyEmployeeCoveragewithVolumeMonthlyPremium">
        <test-method is-config="true" signature="login()[pri:0, instance:com.trigent.test.VerifyEmployeeCoveragewithVolumeMonthlyPremium@9bd0fa6]" started-at="2019-07-02T11:06:32Z" name="login" finished-at="2019-07-02T11:06:50Z" duration-ms="17796" status="PASS">
          <reporter-output>
          </reporter-output>
        </test-method> <!-- login -->
        <test-method signature="verifyEmployee()[pri:0, instance:com.trigent.test.VerifyEmployeeCoveragewithVolumeMonthlyPremium@9bd0fa6]" started-at="2019-07-02T11:06:50Z" name="verifyEmployee" finished-at="2019-07-02T11:07:24Z" duration-ms="33786" status="PASS">
          <reporter-output>
          </reporter-output>
        </test-method> <!-- verifyEmployee -->
        <test-method is-config="true" signature="tearDownAfterMethod()[pri:0, instance:com.trigent.test.VerifyEmployeeCoveragewithVolumeMonthlyPremium@9bd0fa6]" started-at="2019-07-02T11:07:24Z" name="tearDownAfterMethod" finished-at="2019-07-02T11:07:25Z" duration-ms="972" status="PASS">
          <reporter-output>
          </reporter-output>
        </test-method> <!-- tearDownAfterMethod -->
      </class> <!-- com.trigent.test.VerifyEmployeeCoveragewithVolumeMonthlyPremium -->
      <class name="com.trigent.test.VerifyEmployer">
        <test-method is-config="true" signature="login()[pri:0, instance:com.trigent.test.VerifyEmployer@39dcf4b0]" started-at="2019-07-02T11:01:25Z" name="login" finished-at="2019-07-02T11:01:46Z" duration-ms="20221" status="PASS">
          <reporter-output>
          </reporter-output>
        </test-method> <!-- login -->
        <test-method signature="verifyEmployerListLabel()[pri:0, instance:com.trigent.test.VerifyEmployer@39dcf4b0]" started-at="2019-07-02T11:01:46Z" name="verifyEmployerListLabel" finished-at="2019-07-02T11:01:51Z" duration-ms="5048" status="PASS">
          <reporter-output>
          </reporter-output>
        </test-method> <!-- verifyEmployerListLabel -->
        <test-method is-config="true" signature="tearDownAfterMethod()[pri:0, instance:com.trigent.test.VerifyEmployer@39dcf4b0]" started-at="2019-07-02T11:01:51Z" name="tearDownAfterMethod" finished-at="2019-07-02T11:01:52Z" duration-ms="981" status="PASS">
          <reporter-output>
          </reporter-output>
        </test-method> <!-- tearDownAfterMethod -->
      </class> <!-- com.trigent.test.VerifyEmployer -->
      <class name="com.trigent.test.VerifyTerminatePlans">
        <test-method is-config="true" signature="login()[pri:0, instance:com.trigent.test.VerifyTerminatePlans@46f699d5]" started-at="2019-07-02T11:08:53Z" name="login" finished-at="2019-07-02T11:09:12Z" duration-ms="18997" status="PASS">
          <reporter-output>
          </reporter-output>
        </test-method> <!-- login -->
        <test-method signature="VerifyTermination()[pri:0, instance:com.trigent.test.VerifyTerminatePlans@46f699d5]" started-at="2019-07-02T11:09:12Z" name="VerifyTermination" finished-at="2019-07-02T11:09:53Z" duration-ms="41127" status="PASS">
          <reporter-output>
          </reporter-output>
        </test-method> <!-- VerifyTermination -->
        <test-method is-config="true" signature="tearDownAfterMethod()[pri:0, instance:com.trigent.test.VerifyTerminatePlans@46f699d5]" started-at="2019-07-02T11:09:53Z" name="tearDownAfterMethod" finished-at="2019-07-02T11:09:54Z" duration-ms="960" status="PASS">
          <reporter-output>
          </reporter-output>
        </test-method> <!-- tearDownAfterMethod -->
      </class> <!-- com.trigent.test.VerifyTerminatePlans -->
      <class name="com.trigent.test.VerifyGenerateBills">
        <test-method is-config="true" signature="login()[pri:0, instance:com.trigent.test.VerifyGenerateBills@346939bf]" started-at="2019-07-02T11:09:54Z" name="login" finished-at="2019-07-02T11:10:11Z" duration-ms="16924" status="PASS">
          <reporter-output>
          </reporter-output>
        </test-method> <!-- login -->
        <test-method signature="Billing()[pri:0, instance:com.trigent.test.VerifyGenerateBills@346939bf]" started-at="2019-07-02T11:10:11Z" name="Billing" finished-at="2019-07-02T11:12:00Z" duration-ms="109353" status="PASS">
          <reporter-output>
          </reporter-output>
        </test-method> <!-- Billing -->
        <test-method is-config="true" signature="tearDownAfterMethod()[pri:0, instance:com.trigent.test.VerifyGenerateBills@346939bf]" started-at="2019-07-02T11:12:00Z" name="tearDownAfterMethod" finished-at="2019-07-02T11:12:01Z" duration-ms="1052" status="PASS">
          <reporter-output>
          </reporter-output>
        </test-method> <!-- tearDownAfterMethod -->
      </class> <!-- com.trigent.test.VerifyGenerateBills -->
      <class name="com.trigent.test.VerifyEmployeeDetails">
        <test-method is-config="true" signature="login()[pri:0, instance:com.trigent.test.VerifyEmployeeDetails@f6c03cb]" started-at="2019-07-02T11:05:46Z" name="login" finished-at="2019-07-02T11:06:03Z" duration-ms="16975" status="PASS">
          <reporter-output>
          </reporter-output>
        </test-method> <!-- login -->
        <test-method signature="verifyEmployee()[pri:0, instance:com.trigent.test.VerifyEmployeeDetails@f6c03cb]" started-at="2019-07-02T11:06:03Z" name="verifyEmployee" finished-at="2019-07-02T11:06:32Z" duration-ms="28854" status="PASS">
          <reporter-output>
          </reporter-output>
        </test-method> <!-- verifyEmployee -->
        <test-method is-config="true" signature="tearDownAfterMethod()[pri:0, instance:com.trigent.test.VerifyEmployeeDetails@f6c03cb]" started-at="2019-07-02T11:06:32Z" name="tearDownAfterMethod" finished-at="2019-07-02T11:06:32Z" duration-ms="890" status="PASS">
          <reporter-output>
          </reporter-output>
        </test-method> <!-- tearDownAfterMethod -->
      </class> <!-- com.trigent.test.VerifyEmployeeDetails -->
      <class name="com.trigent.test.ActivateEmployer">
        <test-method is-config="true" signature="login()[pri:0, instance:com.trigent.test.ActivateEmployer@2c104774]" started-at="2019-07-02T11:03:40Z" name="login" finished-at="2019-07-02T11:03:57Z" duration-ms="17099" status="PASS">
          <reporter-output>
          </reporter-output>
        </test-method> <!-- login -->
        <test-method signature="ActivatingEmployer()[pri:0, instance:com.trigent.test.ActivateEmployer@2c104774]" started-at="2019-07-02T11:03:57Z" name="ActivatingEmployer" finished-at="2019-07-02T11:04:42Z" duration-ms="45118" status="PASS">
          <reporter-output>
          </reporter-output>
        </test-method> <!-- ActivatingEmployer -->
        <test-method is-config="true" signature="tearDownAfterMethod()[pri:0, instance:com.trigent.test.ActivateEmployer@2c104774]" started-at="2019-07-02T11:04:42Z" name="tearDownAfterMethod" finished-at="2019-07-02T11:04:43Z" duration-ms="933" status="PASS">
          <reporter-output>
          </reporter-output>
        </test-method> <!-- tearDownAfterMethod -->
      </class> <!-- com.trigent.test.ActivateEmployer -->
      <class name="com.trigent.test.OnlineInvoicePayment">
        <test-method is-config="true" signature="login()[pri:0, instance:com.trigent.test.OnlineInvoicePayment@1991f767]" started-at="2019-07-02T11:12:43Z" name="login" finished-at="2019-07-02T11:13:01Z" duration-ms="17988" status="PASS">
          <reporter-output>
          </reporter-output>
        </test-method> <!-- login -->
        <test-method signature="Billing()[pri:0, instance:com.trigent.test.OnlineInvoicePayment@1991f767]" started-at="2019-07-02T11:13:01Z" name="Billing" finished-at="2019-07-02T11:13:39Z" duration-ms="37956" status="PASS">
          <reporter-output>
          </reporter-output>
        </test-method> <!-- Billing -->
        <test-method is-config="true" signature="tearDownAfterMethod()[pri:0, instance:com.trigent.test.OnlineInvoicePayment@1991f767]" started-at="2019-07-02T11:13:39Z" name="tearDownAfterMethod" finished-at="2019-07-02T11:13:40Z" duration-ms="955" status="PASS">
          <reporter-output>
          </reporter-output>
        </test-method> <!-- tearDownAfterMethod -->
      </class> <!-- com.trigent.test.OnlineInvoicePayment -->
      <class name="com.trigent.test.VerifyInvoiceandPayments">
        <test-method is-config="true" signature="login()[pri:0, instance:com.trigent.test.VerifyInvoiceandPayments@18518ccf]" started-at="2019-07-02T11:12:01Z" name="login" finished-at="2019-07-02T11:12:21Z" duration-ms="19924" status="PASS">
          <reporter-output>
          </reporter-output>
        </test-method> <!-- login -->
        <test-method signature="InvoiceAndPaymentsDetails()[pri:0, instance:com.trigent.test.VerifyInvoiceandPayments@18518ccf]" started-at="2019-07-02T11:12:21Z" name="InvoiceAndPaymentsDetails" finished-at="2019-07-02T11:12:42Z" duration-ms="20913" status="PASS">
          <reporter-output>
          </reporter-output>
        </test-method> <!-- InvoiceAndPaymentsDetails -->
        <test-method is-config="true" signature="tearDownAfterMethod()[pri:0, instance:com.trigent.test.VerifyInvoiceandPayments@18518ccf]" started-at="2019-07-02T11:12:42Z" name="tearDownAfterMethod" finished-at="2019-07-02T11:12:43Z" duration-ms="920" status="PASS">
          <reporter-output>
          </reporter-output>
        </test-method> <!-- tearDownAfterMethod -->
      </class> <!-- com.trigent.test.VerifyInvoiceandPayments -->
      <class name="com.trigent.test.VerifyProducerDetails">
        <test-method is-config="true" signature="login()[pri:0, instance:com.trigent.test.VerifyProducerDetails@1ce61929]" started-at="2019-07-02T11:16:24Z" name="login" finished-at="2019-07-02T11:16:41Z" duration-ms="17090" status="PASS">
          <reporter-output>
          </reporter-output>
        </test-method> <!-- login -->
        <test-method signature="VerifyProducers()[pri:0, instance:com.trigent.test.VerifyProducerDetails@1ce61929]" started-at="2019-07-02T11:16:41Z" name="VerifyProducers" finished-at="2019-07-02T11:17:28Z" duration-ms="46154" status="PASS">
          <reporter-output>
          </reporter-output>
        </test-method> <!-- VerifyProducers -->
        <test-method is-config="true" signature="tearDownAfterMethod()[pri:0, instance:com.trigent.test.VerifyProducerDetails@1ce61929]" started-at="2019-07-02T11:17:28Z" name="tearDownAfterMethod" finished-at="2019-07-02T11:17:29Z" duration-ms="1020" status="PASS">
          <reporter-output>
          </reporter-output>
        </test-method> <!-- tearDownAfterMethod -->
      </class> <!-- com.trigent.test.VerifyProducerDetails -->
      <class name="com.trigent.test.VerifyUploadCensus">
        <test-method is-config="true" signature="login()[pri:0, instance:com.trigent.test.VerifyUploadCensus@6e4de19b]" started-at="2019-07-02T11:01:52Z" name="login" finished-at="2019-07-02T11:02:11Z" duration-ms="19034" status="PASS">
          <reporter-output>
          </reporter-output>
        </test-method> <!-- login -->
        <test-method signature="CensusUpload()[pri:0, instance:com.trigent.test.VerifyUploadCensus@6e4de19b]" started-at="2019-07-02T11:02:11Z" name="CensusUpload" finished-at="2019-07-02T11:03:39Z" duration-ms="88165" status="PASS">
          <reporter-output>
          </reporter-output>
        </test-method> <!-- CensusUpload -->
        <test-method is-config="true" signature="tearDownAfterMethod()[pri:0, instance:com.trigent.test.VerifyUploadCensus@6e4de19b]" started-at="2019-07-02T11:03:39Z" name="tearDownAfterMethod" finished-at="2019-07-02T11:03:40Z" duration-ms="1013" status="PASS">
          <reporter-output>
          </reporter-output>
        </test-method> <!-- tearDownAfterMethod -->
      </class> <!-- com.trigent.test.VerifyUploadCensus -->
      <class name="com.trigent.test.VerifyClasses">
        <test-method is-config="true" signature="login()[pri:0, instance:com.trigent.test.VerifyClasses@4bf3798b]" started-at="2019-07-02T11:04:43Z" name="login" finished-at="2019-07-02T11:05:00Z" duration-ms="17011" status="PASS">
          <reporter-output>
          </reporter-output>
        </test-method> <!-- login -->
        <test-method signature="verifyclass()[pri:0, instance:com.trigent.test.VerifyClasses@4bf3798b]" started-at="2019-07-02T11:05:00Z" name="verifyclass" finished-at="2019-07-02T11:05:15Z" duration-ms="15263" status="PASS">
          <reporter-output>
          </reporter-output>
        </test-method> <!-- verifyclass -->
        <test-method is-config="true" signature="tearDownAfterMethod()[pri:0, instance:com.trigent.test.VerifyClasses@4bf3798b]" started-at="2019-07-02T11:05:15Z" name="tearDownAfterMethod" finished-at="2019-07-02T11:05:16Z" duration-ms="884" status="PASS">
          <reporter-output>
          </reporter-output>
        </test-method> <!-- tearDownAfterMethod -->
      </class> <!-- com.trigent.test.VerifyClasses -->
      <class name="com.trigent.test.AddPlans">
        <test-method is-config="true" signature="login()[pri:0, instance:com.trigent.test.AddPlans@74e47444]" started-at="2019-07-02T11:07:25Z" name="login" finished-at="2019-07-02T11:07:42Z" duration-ms="16915" status="PASS">
          <reporter-output>
          </reporter-output>
        </test-method> <!-- login -->
        <test-method signature="verifyAddPlan()[pri:0, instance:com.trigent.test.AddPlans@74e47444]" started-at="2019-07-02T11:07:42Z" name="verifyAddPlan" finished-at="2019-07-02T11:08:52Z" duration-ms="69682" status="PASS">
          <reporter-output>
          </reporter-output>
        </test-method> <!-- verifyAddPlan -->
        <test-method is-config="true" signature="tearDownAfterMethod()[pri:0, instance:com.trigent.test.AddPlans@74e47444]" started-at="2019-07-02T11:08:52Z" name="tearDownAfterMethod" finished-at="2019-07-02T11:08:53Z" duration-ms="965" status="PASS">
          <reporter-output>
          </reporter-output>
        </test-method> <!-- tearDownAfterMethod -->
      </class> <!-- com.trigent.test.AddPlans -->
      <class name="com.trigent.test.PayTotalOutstandingBalance">
        <test-method is-config="true" signature="login()[pri:0, instance:com.trigent.test.PayTotalOutstandingBalance@59d2103b]" started-at="2019-07-02T11:14:49Z" name="login" finished-at="2019-07-02T11:15:06Z" duration-ms="17058" status="PASS">
          <reporter-output>
          </reporter-output>
        </test-method> <!-- login -->
        <test-method signature="InvoiceAndPaymentsDetails()[pri:0, instance:com.trigent.test.PayTotalOutstandingBalance@59d2103b]" started-at="2019-07-02T11:15:06Z" name="InvoiceAndPaymentsDetails" finished-at="2019-07-02T11:15:37Z" duration-ms="30783" status="PASS">
          <reporter-output>
          </reporter-output>
        </test-method> <!-- InvoiceAndPaymentsDetails -->
        <test-method is-config="true" signature="tearDownAfterMethod()[pri:0, instance:com.trigent.test.PayTotalOutstandingBalance@59d2103b]" started-at="2019-07-02T11:15:37Z" name="tearDownAfterMethod" finished-at="2019-07-02T11:15:38Z" duration-ms="894" status="PASS">
          <reporter-output>
          </reporter-output>
        </test-method> <!-- tearDownAfterMethod -->
      </class> <!-- com.trigent.test.PayTotalOutstandingBalance -->
      <class name="com.trigent.test.CreditPayment">
        <test-method is-config="true" signature="login()[pri:0, instance:com.trigent.test.CreditPayment@58670130]" started-at="2019-07-02T11:13:40Z" name="login" finished-at="2019-07-02T11:13:57Z" duration-ms="17230" status="PASS">
          <reporter-output>
          </reporter-output>
        </test-method> <!-- login -->
        <test-method signature="PaythroCredit()[pri:0, instance:com.trigent.test.CreditPayment@58670130]" started-at="2019-07-02T11:13:57Z" name="PaythroCredit" finished-at="2019-07-02T11:14:48Z" duration-ms="51575" status="FAIL">
          <exception class="org.openqa.selenium.NoSuchElementException">
            <message>
              <![CDATA[no such element: Unable to locate element: {"method":"xpath","selector":"//span[@id='totalPremium']"}
  (Session info: chrome=75.0.3770.100)
  (Driver info: chromedriver=2.40.565498 (ea082db3280dd6843ebfb08a625e3eb905c4f5ab),platform=Windows NT 10.0.17763 x86_64) (WARNING: The server did not provide any stacktrace information)
Command duration or timeout: 0 milliseconds
For documentation on this error, please visit: https://www.seleniumhq.org/exceptions/no_such_element.html
Build info: version: '3.141.59', revision: 'e82be7d358', time: '2018-11-14T08:17:03'
System info: host: 'TSLC1205', ip: '192.168.170.33', os.name: 'Windows 10', os.arch: 'amd64', os.version: '10.0', java.version: '11'
Driver info: org.openqa.selenium.chrome.ChromeDriver
Capabilities {acceptInsecureCerts: false, acceptSslCerts: false, applicationCacheEnabled: false, browserConnectionEnabled: false, browserName: chrome, chrome: {chromedriverVersion: 2.40.565498 (ea082db3280dd6..., userDataDir: C:\Users\AMMAJA~1\AppData\L...}, cssSelectorsEnabled: true, databaseEnabled: false, handlesAlerts: true, hasTouchScreen: false, javascriptEnabled: true, locationContextEnabled: true, mobileEmulationEnabled: false, nativeEvents: true, networkConnectionEnabled: false, pageLoadStrategy: normal, platform: XP, platformName: XP, rotatable: false, setWindowRect: true, takesHeapSnapshot: true, takesScreenshot: true, unexpectedAlertBehaviour: , unhandledPromptBehavior: , version: 75.0.3770.100, webStorageEnabled: true}
Session ID: 7934ece7741d84a0282c3a21b4282786
*** Element info: {Using=xpath, value=//span[@id='totalPremium']}]]>
            </message>
            <full-stacktrace>
              <![CDATA[org.openqa.selenium.NoSuchElementException: no such element: Unable to locate element: {"method":"xpath","selector":"//span[@id='totalPremium']"}
  (Session info: chrome=75.0.3770.100)
  (Driver info: chromedriver=2.40.565498 (ea082db3280dd6843ebfb08a625e3eb905c4f5ab),platform=Windows NT 10.0.17763 x86_64) (WARNING: The server did not provide any stacktrace information)
Command duration or timeout: 0 milliseconds
For documentation on this error, please visit: https://www.seleniumhq.org/exceptions/no_such_element.html
Build info: version: '3.141.59', revision: 'e82be7d358', time: '2018-11-14T08:17:03'
System info: host: 'TSLC1205', ip: '192.168.170.33', os.name: 'Windows 10', os.arch: 'amd64', os.version: '10.0', java.version: '11'
Driver info: org.openqa.selenium.chrome.ChromeDriver
Capabilities {acceptInsecureCerts: false, acceptSslCerts: false, applicationCacheEnabled: false, browserConnectionEnabled: false, browserName: chrome, chrome: {chromedriverVersion: 2.40.565498 (ea082db3280dd6..., userDataDir: C:\Users\AMMAJA~1\AppData\L...}, cssSelectorsEnabled: true, databaseEnabled: false, handlesAlerts: true, hasTouchScreen: false, javascriptEnabled: true, locationContextEnabled: true, mobileEmulationEnabled: false, nativeEvents: true, networkConnectionEnabled: false, pageLoadStrategy: normal, platform: XP, platformName: XP, rotatable: false, setWindowRect: true, takesHeapSnapshot: true, takesScreenshot: true, unexpectedAlertBehaviour: , unhandledPromptBehavior: , version: 75.0.3770.100, webStorageEnabled: true}
Session ID: 7934ece7741d84a0282c3a21b4282786
*** Element info: {Using=xpath, value=//span[@id='totalPremium']}
	at java.base/jdk.internal.reflect.NativeConstructorAccessorImpl.newInstance0(Native Method)
	at java.base/jdk.internal.reflect.NativeConstructorAccessorImpl.newInstance(NativeConstructorAccessorImpl.java:62)
	at java.base/jdk.internal.reflect.DelegatingConstructorAccessorImpl.newInstance(DelegatingConstructorAccessorImpl.java:45)
	at java.base/java.lang.reflect.Constructor.newInstance(Constructor.java:490)
	at org.openqa.selenium.remote.ErrorHandler.createThrowable(ErrorHandler.java:214)
	at org.openqa.selenium.remote.ErrorHandler.throwIfResponseFailed(ErrorHandler.java:166)
	at org.openqa.selenium.remote.http.JsonHttpResponseCodec.reconstructValue(JsonHttpResponseCodec.java:40)
	at org.openqa.selenium.remote.http.AbstractHttpResponseCodec.decode(AbstractHttpResponseCodec.java:80)
	at org.openqa.selenium.remote.http.AbstractHttpResponseCodec.decode(AbstractHttpResponseCodec.java:44)
	at org.openqa.selenium.remote.HttpCommandExecutor.execute(HttpCommandExecutor.java:158)
	at org.openqa.selenium.remote.service.DriverCommandExecutor.execute(DriverCommandExecutor.java:83)
	at org.openqa.selenium.remote.RemoteWebDriver.execute(RemoteWebDriver.java:552)
	at org.openqa.selenium.remote.RemoteWebDriver.findElement(RemoteWebDriver.java:323)
	at org.openqa.selenium.remote.RemoteWebDriver.findElementByXPath(RemoteWebDriver.java:428)
	at org.openqa.selenium.By$ByXPath.findElement(By.java:353)
	at org.openqa.selenium.remote.RemoteWebDriver.findElement(RemoteWebDriver.java:315)
	at org.openqa.selenium.support.pagefactory.DefaultElementLocator.findElement(DefaultElementLocator.java:69)
	at org.openqa.selenium.support.pagefactory.internal.LocatingElementHandler.invoke(LocatingElementHandler.java:38)
	at com.sun.proxy.$Proxy11.getWrappedElement(Unknown Source)
	at org.openqa.selenium.remote.internal.WebElementToJsonConverter.apply(WebElementToJsonConverter.java:50)
	at java.base/java.util.stream.ReferencePipeline$3$1.accept(ReferencePipeline.java:195)
	at java.base/java.util.Spliterators$ArraySpliterator.forEachRemaining(Spliterators.java:948)
	at java.base/java.util.stream.AbstractPipeline.copyInto(AbstractPipeline.java:484)
	at java.base/java.util.stream.AbstractPipeline.wrapAndCopyInto(AbstractPipeline.java:474)
	at java.base/java.util.stream.ReduceOps$ReduceOp.evaluateSequential(ReduceOps.java:913)
	at java.base/java.util.stream.AbstractPipeline.evaluate(AbstractPipeline.java:234)
	at java.base/java.util.stream.ReferencePipeline.collect(ReferencePipeline.java:578)
	at org.openqa.selenium.remote.RemoteWebDriver.executeScript(RemoteWebDriver.java:484)
	at com.trigent.pages.PaymentTypes.CoverageandPay(PaymentTypes.java:248)
	at com.trigent.test.CreditPayment.PaythroCredit(CreditPayment.java:44)
	at java.base/jdk.internal.reflect.NativeMethodAccessorImpl.invoke0(Native Method)
	at java.base/jdk.internal.reflect.NativeMethodAccessorImpl.invoke(NativeMethodAccessorImpl.java:62)
	at java.base/jdk.internal.reflect.DelegatingMethodAccessorImpl.invoke(DelegatingMethodAccessorImpl.java:43)
	at java.base/java.lang.reflect.Method.invoke(Method.java:566)
	at org.testng.internal.MethodInvocationHelper.invokeMethod(MethodInvocationHelper.java:85)
	at org.testng.internal.Invoker.invokeMethod(Invoker.java:659)
	at org.testng.internal.Invoker.invokeTestMethod(Invoker.java:845)
	at org.testng.internal.Invoker.invokeTestMethods(Invoker.java:1153)
	at org.testng.internal.TestMethodWorker.invokeTestMethods(TestMethodWorker.java:125)
	at org.testng.internal.TestMethodWorker.run(TestMethodWorker.java:108)
	at org.testng.TestRunner.privateRun(TestRunner.java:771)
	at org.testng.TestRunner.run(TestRunner.java:621)
	at org.testng.SuiteRunner.runTest(SuiteRunner.java:357)
	at org.testng.SuiteRunner.runSequentially(SuiteRunner.java:352)
	at org.testng.SuiteRunner.privateRun(SuiteRunner.java:310)
	at org.testng.SuiteRunner.run(SuiteRunner.java:259)
	at org.testng.SuiteRunnerWorker.runSuite(SuiteRunnerWorker.java:52)
	at org.testng.SuiteRunnerWorker.run(SuiteRunnerWorker.java:86)
	at org.testng.TestNG.runSuitesSequentially(TestNG.java:1199)
	at org.testng.TestNG.runSuitesLocally(TestNG.java:1124)
	at org.testng.TestNG.run(TestNG.java:1032)
	at org.testng.remote.AbstractRemoteTestNG.run(AbstractRemoteTestNG.java:115)
	at org.testng.remote.RemoteTestNG.initAndRun(RemoteTestNG.java:251)
	at org.testng.remote.RemoteTestNG.main(RemoteTestNG.java:77)
]]>
            </full-stacktrace>
          </exception> <!-- org.openqa.selenium.NoSuchElementException -->
          <reporter-output>
          </reporter-output>
        </test-method> <!-- PaythroCredit -->
        <test-method is-config="true" signature="tearDownAfterMethod()[pri:0, instance:com.trigent.test.CreditPayment@58670130]" started-at="2019-07-02T11:14:48Z" name="tearDownAfterMethod" finished-at="2019-07-02T11:14:49Z" duration-ms="942" status="PASS">
          <reporter-output>
          </reporter-output>
        </test-method> <!-- tearDownAfterMethod -->
      </class> <!-- com.trigent.test.CreditPayment -->
      <class name="com.trigent.test.VerifyPlanInformation">
        <test-method is-config="true" signature="login()[pri:0, instance:com.trigent.test.VerifyPlanInformation@f27ea3]" started-at="2019-07-02T11:05:16Z" name="login" finished-at="2019-07-02T11:05:34Z" duration-ms="18210" status="PASS">
          <reporter-output>
          </reporter-output>
        </test-method> <!-- login -->
        <test-method signature="planinfo()[pri:0, instance:com.trigent.test.VerifyPlanInformation@f27ea3]" started-at="2019-07-02T11:05:34Z" name="planinfo" finished-at="2019-07-02T11:05:45Z" duration-ms="10406" status="PASS">
          <reporter-output>
          </reporter-output>
        </test-method> <!-- planinfo -->
        <test-method is-config="true" signature="tearDownAfterMethod()[pri:0, instance:com.trigent.test.VerifyPlanInformation@f27ea3]" started-at="2019-07-02T11:05:45Z" name="tearDownAfterMethod" finished-at="2019-07-02T11:05:46Z" duration-ms="970" status="PASS">
          <reporter-output>
          </reporter-output>
        </test-method> <!-- tearDownAfterMethod -->
      </class> <!-- com.trigent.test.VerifyPlanInformation -->
    </test> <!-- Test -->
  </suite> <!-- Suite -->
</testng-results>
